# JRE version: OpenJDK Runtime Environment Temurin-21.0.10+7 (21.0.10+7) (build 21.0.10+7-LTS)
# Java VM: OpenJDK 64-Bit Server VM Temurin-21.0.10+7 (21.0.10+7-LTS, mixed mode, sharing, tiered, compressed oops, compressed class ptrs, g1 gc, windows-amd64)
GC Precious Log:
 CardTable entry size: 512
 Card Set container configuration: InlinePtr #cards 4 size 8 Array Of Cards #cards 16 size 48 Howl #buckets 8 coarsen threshold 3686 Howl Bitmap #cards 512 size 80 coarsen threshold 460 Card regions per heap region 1 cards per card region 4096
 CPUs: 6 total, 6 available
 Memory: 16296M
 Large Page Support: Disabled
 NUMA Support: Disabled
 Compressed Oops: Enabled (Zero based)
 Heap Region Size: 2M
 Heap Min Capacity: 8M
 Heap Initial Capacity: 256M
 Heap Max Capacity: 4076M
 Pre-touch: Disabled
 Parallel Workers: 6
 Concurrent Workers: 2
 Concurrent Refinement Workers: 6
 Periodic GC: Disabled
Heap:
 garbage-first heap   total 55296K, used 45804K [0x0000000701400000, 0x0000000800000000)
  region size 2048K, 10 young (20480K), 1 survivors (2048K)
 Metaspace       used 64527K, committed 65088K, reserved 1114112K
  class space    used 8694K, committed 8960K, reserved 1048576K
GC Heap History (20 events):
Event: 4.698 GC heap before
{Heap before GC invocations=8 (full 0):
 garbage-first heap   total 55296K, used 22302K [0x0000000701400000, 0x0000000800000000)
  region size 2048K, 4 young (8192K), 2 survivors (4096K)
 Metaspace       used 35564K, committed 35968K, reserved 1114112K
  class space    used 4763K, committed 4928K, reserved 1048576K
}
Event: 4.701 GC heap after
{Heap after GC invocations=9 (full 0):
 garbage-first heap   total 55296K, used 20377K [0x0000000701400000, 0x0000000800000000)
  region size 2048K, 1 young (2048K), 1 survivors (2048K)
 Metaspace       used 35564K, committed 35968K, reserved 1114112K
  class space    used 4763K, committed 4928K, reserved 1048576K
}
Event: 5.460 GC heap before
{Heap before GC invocations=10 (full 0):
 garbage-first heap   total 55296K, used 42905K [0x0000000701400000, 0x0000000800000000)
  region size 2048K, 13 young (26624K), 1 survivors (2048K)
 Metaspace       used 45690K, committed 46208K, reserved 1114112K
  class space    used 5992K, committed 6208K, reserved 1048576K
}
Event: 5.462 GC heap after
{Heap after GC invocations=11 (full 0):
 garbage-first heap   total 55296K, used 22854K [0x0000000701400000, 0x0000000800000000)
  region size 2048K, 2 young (4096K), 2 survivors (4096K)
 Metaspace       used 45690K, committed 46208K, reserved 1114112K
  class space    used 5992K, committed 6208K, reserved 1048576K
}
Event: 6.137 GC heap before
{Heap before GC invocations=11 (full 0):
 garbage-first heap   total 55296K, used 43334K [0x0000000701400000, 0x0000000800000000)
  region size 2048K, 13 young (26624K), 2 survivors (4096K)
 Metaspace       used 52255K, committed 52736K, reserved 1114112K
  class space    used 6895K, committed 7104K, reserved 1048576K
}
Event: 6.141 GC heap after
{Heap after GC invocations=12 (full 0):
 garbage-first heap   total 55296K, used 23798K [0x0000000701400000, 0x0000000800000000)
  region size 2048K, 1 young (2048K), 1 survivors (2048K)
 Metaspace       used 52255K, committed 52736K, reserved 1114112K
  class space    used 6895K, committed 7104K, reserved 1048576K
}
Event: 6.841 GC heap before
{Heap before GC invocations=12 (full 0):
 garbage-first heap   total 55296K, used 42230K [0x0000000701400000, 0x0000000800000000)
  region size 2048K, 11 young (22528K), 1 survivors (2048K)
 Metaspace       used 57564K, committed 58112K, reserved 1114112K
  class space    used 7751K, committed 8000K, reserved 1048576K
}
Event: 6.844 GC heap after
{Heap after GC invocations=13 (full 0):
 garbage-first heap   total 55296K, used 24675K [0x0000000701400000, 0x0000000800000000)
  region size 2048K, 2 young (4096K), 2 survivors (4096K)
 Metaspace       used 57564K, committed 58112K, reserved 1114112K
  class space    used 7751K, committed 8000K, reserved 1048576K
}
Event: 7.113 GC heap before
{Heap before GC invocations=13 (full 0):
 garbage-first heap   total 55296K, used 34915K [0x0000000701400000, 0x0000000800000000)
  region size 2048K, 8 young (16384K), 2 survivors (4096K)
 Metaspace       used 59808K, committed 60288K, reserved 1114112K
  class space    used 8008K, committed 8192K, reserved 1048576K
}
Event: 7.115 GC heap after
{Heap after GC invocations=14 (full 0):
 garbage-first heap   total 55296K, used 25971K [0x0000000701400000, 0x0000000800000000)
  region size 2048K, 2 young (4096K), 2 survivors (4096K)
 Metaspace       used 59808K, committed 60288K, reserved 1114112K
  class space    used 8008K, committed 8192K, reserved 1048576K
}
Event: 7.580 GC heap before
{Heap before GC invocations=15 (full 0):
 garbage-first heap   total 55296K, used 46451K [0x0000000701400000, 0x0000000800000000)
  region size 2048K, 12 young (24576K), 2 survivors (4096K)
 Metaspace       used 62640K, committed 63296K, reserved 1114112K
  class space    used 8486K, committed 8768K, reserved 1048576K
}
Event: 7.583 GC heap after
{Heap after GC invocations=16 (full 0):
 garbage-first heap   total 55296K, used 28373K [0x0000000701400000, 0x0000000800000000)
  region size 2048K, 2 young (4096K), 2 survivors (4096K)
 Metaspace       used 62640K, committed 63296K, reserved 1114112K
  class space    used 8486K, committed 8768K, reserved 1048576K
}
Event: 277.131 GC heap before
{Heap before GC invocations=16 (full 0):
 garbage-first heap   total 55296K, used 46805K [0x0000000701400000, 0x0000000800000000)
  region size 2048K, 11 young (22528K), 2 survivors (4096K)
 Metaspace       used 64204K, committed 64768K, reserved 1114112K
  class space    used 8689K, committed 8960K, reserved 1048576K
}
Event: 277.135 GC heap after
{Heap after GC invocations=17 (full 0):
 garbage-first heap   total 55296K, used 29054K [0x0000000701400000, 0x0000000800000000)
  region size 2048K, 1 young (2048K), 1 survivors (2048K)
 Metaspace       used 64204K, committed 64768K, reserved 1114112K
  class space    used 8689K, committed 8960K, reserved 1048576K
}
Event: 1251.953 GC heap before
{Heap before GC invocations=17 (full 0):
 garbage-first heap   total 55296K, used 47486K [0x0000000701400000, 0x0000000800000000)
  region size 2048K, 10 young (20480K), 1 survivors (2048K)
 Metaspace       used 64255K, committed 64896K, reserved 1114112K
  class space    used 8689K, committed 8960K, reserved 1048576K
}
Event: 1251.954 GC heap after
{Heap after GC invocations=18 (full 0):
 garbage-first heap   total 55296K, used 28792K [0x0000000701400000, 0x0000000800000000)
  region size 2048K, 1 young (2048K), 1 survivors (2048K)
 Metaspace       used 64255K, committed 64896K, reserved 1114112K
  class space    used 8689K, committed 8960K, reserved 1048576K
}
Event: 2011.019 GC heap before
{Heap before GC invocations=19 (full 0):
 garbage-first heap   total 55296K, used 47224K [0x0000000701400000, 0x0000000800000000)
  region size 2048K, 10 young (20480K), 1 survivors (2048K)
 Metaspace       used 64398K, committed 65024K, reserved 1114112K
  class space    used 8694K, committed 8960K, reserved 1048576K
}
Event: 2011.023 GC heap after
{Heap after GC invocations=20 (full 0):
 garbage-first heap   total 55296K, used 29465K [0x0000000701400000, 0x0000000800000000)
  region size 2048K, 1 young (2048K), 1 survivors (2048K)
 Metaspace       used 64398K, committed 65024K, reserved 1114112K
  class space    used 8694K, committed 8960K, reserved 1048576K
}
Event: 3101.630 GC heap before
{Heap before GC invocations=20 (full 0):
 garbage-first heap   total 55296K, used 49945K [0x0000000701400000, 0x0000000800000000)
  region size 2048K, 11 young (22528K), 1 survivors (2048K)
 Metaspace       used 64420K, committed 65024K, reserved 1114112K
  class space    used 8694K, committed 8960K, reserved 1048576K
}
Event: 3101.633 GC heap after
{Heap after GC invocations=21 (full 0):
 garbage-first heap   total 55296K, used 29420K [0x0000000701400000, 0x0000000800000000)
  region size 2048K, 1 young (2048K), 1 survivors (2048K)
 Metaspace       used 64420K, committed 65024K, reserved 1114112K
  class space    used 8694K, committed 8960K, reserved 1048576K
}

